example/build/app/intermediates/manifest_merge_blame_file/debug/manifest-merger-blame-debug-report.txt
1<?xml version="1.0" encoding="utf-8"?>
2<manifest xmlns:android="http://schemas.android.com/apk/res/android"
3    package="io.flutter.plugins.localauthexample"
4    android:versionCode="1"
5    android:versionName="1.0" >
6
7    <uses-sdk
8        android:minSdkVersion="19"
8-->src/main/AndroidManifest.xml
9        android:targetSdkVersion="28" />
9-->src/main/AndroidManifest.xml
10
11    <uses-permission android:name="android.permission.INTERNET" />
11-->src/main/AndroidManifest.xml:4:5-66
11-->src/main/AndroidManifest.xml:4:22-64
12    <uses-permission android:name="android.permission.USE_BIOMETRIC" />
12-->src/main/AndroidManifest.xml:5:5-71
12-->src/main/AndroidManifest.xml:5:22-69
13    <!-- suppress DeprecatedClassUsageInspection -->
14    <uses-permission android:name="android.permission.USE_FINGERPRINT" />
14-->[androidx.biometric:biometric:1.1.0] AndroidManifest.xml:27:5-74
14-->[androidx.biometric:biometric:1.1.0] AndroidManifest.xml:27:22-71
15
16    <permission
16-->[androidx.core:core:1.10.1] AndroidManifest.xml:22:5-24:47
17        android:name="io.flutter.plugins.localauthexample.DYNAMIC_RECEIVER_NOT_EXPORTED_PERMISSION"
17-->[androidx.core:core:1.10.1] AndroidManifest.xml:23:9-81
18        android:protectionLevel="signature" />
18-->[androidx.core:core:1.10.1] AndroidManifest.xml:24:9-44
19
20    <uses-permission android:name="io.flutter.plugins.localauthexample.DYNAMIC_RECEIVER_NOT_EXPORTED_PERMISSION" />
20-->[androidx.core:core:1.10.1] AndroidManifest.xml:26:5-97
20-->[androidx.core:core:1.10.1] AndroidManifest.xml:26:22-94
21
22    <application
22-->src/main/AndroidManifest.xml:7:5-20:19
23        android:name="androidx.multidex.MultiDexApplication"
24        android:appComponentFactory="androidx.core.app.CoreComponentFactory"
24-->[androidx.core:core:1.10.1] AndroidManifest.xml:28:18-86
25        android:debuggable="true"
26        android:icon="@mipmap/ic_launcher"
26-->src/main/AndroidManifest.xml:7:53-87
27        android:label="local_auth_example" >
27-->src/main/AndroidManifest.xml:7:18-52
28        <activity
28-->src/main/AndroidManifest.xml:8:9-18:20
29            android:name="io.flutter.embedding.android.FlutterFragmentActivity"
29-->src/main/AndroidManifest.xml:8:19-86
30            android:configChanges="orientation|keyboardHidden|keyboard|screenSize|locale|layoutDirection"
30-->src/main/AndroidManifest.xml:11:19-112
31            android:hardwareAccelerated="true"
31-->src/main/AndroidManifest.xml:12:19-53
32            android:launchMode="singleTop"
32-->src/main/AndroidManifest.xml:9:19-49
33            android:theme="@style/Theme.AppCompat.Light"
33-->src/main/AndroidManifest.xml:10:19-63
34            android:windowSoftInputMode="adjustResize" >
34-->src/main/AndroidManifest.xml:13:19-61
35            <intent-filter>
35-->src/main/AndroidManifest.xml:14:13-17:29
36                <action android:name="android.intent.action.MAIN" />
36-->src/main/AndroidManifest.xml:15:17-68
36-->src/main/AndroidManifest.xml:15:25-66
37
38                <category android:name="android.intent.category.LAUNCHER" />
38-->src/main/AndroidManifest.xml:16:17-76
38-->src/main/AndroidManifest.xml:16:27-74
39            </intent-filter>
40        </activity>
41
42        <meta-data
42-->src/main/AndroidManifest.xml:19:9-71
43            android:name="flutterEmbedding"
43-->src/main/AndroidManifest.xml:19:20-51
44            android:value="2" />
44-->src/main/AndroidManifest.xml:19:52-69
45
46        <uses-library
46-->[androidx.window:window:1.0.0-beta04] AndroidManifest.xml:25:9-27:40
47            android:name="androidx.window.extensions"
47-->[androidx.window:window:1.0.0-beta04] AndroidManifest.xml:26:13-54
48            android:required="false" />
48-->[androidx.window:window:1.0.0-beta04] AndroidManifest.xml:27:13-37
49        <uses-library
49-->[androidx.window:window:1.0.0-beta04] AndroidManifest.xml:28:9-30:40
50            android:name="androidx.window.sidecar"
50-->[androidx.window:window:1.0.0-beta04] AndroidManifest.xml:29:13-51
51            android:required="false" />
51-->[androidx.window:window:1.0.0-beta04] AndroidManifest.xml:30:13-37
52
53        <provider
53-->[androidx.profileinstaller:profileinstaller:1.3.0] AndroidManifest.xml:24:9-32:20
54            android:name="androidx.startup.InitializationProvider"
54-->[androidx.profileinstaller:profileinstaller:1.3.0] AndroidManifest.xml:25:13-67
55            android:authorities="io.flutter.plugins.localauthexample.androidx-startup"
55-->[androidx.profileinstaller:profileinstaller:1.3.0] AndroidManifest.xml:26:13-68
56            android:exported="false" >
56-->[androidx.profileinstaller:profileinstaller:1.3.0] AndroidManifest.xml:27:13-37
57            <meta-data
57-->[androidx.profileinstaller:profileinstaller:1.3.0] AndroidManifest.xml:29:13-31:52
58                android:name="androidx.profileinstaller.ProfileInstallerInitializer"
58-->[androidx.profileinstaller:profileinstaller:1.3.0] AndroidManifest.xml:30:17-85
59                android:value="androidx.startup" />
59-->[androidx.profileinstaller:profileinstaller:1.3.0] AndroidManifest.xml:31:17-49
60        </provider>
61
62        <receiver
62-->[androidx.profileinstaller:profileinstaller:1.3.0] AndroidManifest.xml:34:9-52:20
63            android:name="androidx.profileinstaller.ProfileInstallReceiver"
63-->[androidx.profileinstaller:profileinstaller:1.3.0] AndroidManifest.xml:35:13-76
64            android:directBootAware="false"
64-->[androidx.profileinstaller:profileinstaller:1.3.0] AndroidManifest.xml:36:13-44
65            android:enabled="true"
65-->[androidx.profileinstaller:profileinstaller:1.3.0] AndroidManifest.xml:37:13-35
66            android:exported="true"
66-->[androidx.profileinstaller:profileinstaller:1.3.0] AndroidManifest.xml:38:13-36
67            android:permission="android.permission.DUMP" >
67-->[androidx.profileinstaller:profileinstaller:1.3.0] AndroidManifest.xml:39:13-57
68            <intent-filter>
68-->[androidx.profileinstaller:profileinstaller:1.3.0] AndroidManifest.xml:40:13-42:29
69                <action android:name="androidx.profileinstaller.action.INSTALL_PROFILE" />
69-->[androidx.profileinstaller:profileinstaller:1.3.0] AndroidManifest.xml:41:17-91
69-->[androidx.profileinstaller:profileinstaller:1.3.0] AndroidManifest.xml:41:25-88
70            </intent-filter>
71            <intent-filter>
71-->[androidx.profileinstaller:profileinstaller:1.3.0] AndroidManifest.xml:43:13-45:29
72                <action android:name="androidx.profileinstaller.action.SKIP_FILE" />
72-->[androidx.profileinstaller:profileinstaller:1.3.0] AndroidManifest.xml:44:17-85
72-->[androidx.profileinstaller:profileinstaller:1.3.0] AndroidManifest.xml:44:25-82
73            </intent-filter>
74            <intent-filter>
74-->[androidx.profileinstaller:profileinstaller:1.3.0] AndroidManifest.xml:46:13-48:29
75                <action android:name="androidx.profileinstaller.action.SAVE_PROFILE" />
75-->[androidx.profileinstaller:profileinstaller:1.3.0] AndroidManifest.xml:47:17-88
75-->[androidx.profileinstaller:profileinstaller:1.3.0] AndroidManifest.xml:47:25-85
76            </intent-filter>
77            <intent-filter>
77-->[androidx.profileinstaller:profileinstaller:1.3.0] AndroidManifest.xml:49:13-51:29
78                <action android:name="androidx.profileinstaller.action.BENCHMARK_OPERATION" />
78-->[androidx.profileinstaller:profileinstaller:1.3.0] AndroidManifest.xml:50:17-95
78-->[androidx.profileinstaller:profileinstaller:1.3.0] AndroidManifest.xml:50:25-92
79            </intent-filter>
80        </receiver>
81    </application>
82
83</manifest>